{ = LlaveInicio
== = OperadorRelacional
== = OperadorRelacional
= = Asignacion
12345 = Numero
++ = IncrementoTermino
+ = OperadorTermino
-- = IncrementoTermino
- = OperadorTermino
# = Caracter
radioDeLaCircunferencia = Identificador
= = Asignacion
45 = Numero
; = FinSentencia
* = OperadorFactor
/ = OperadorFactor
% = OperadorFactor
+ = OperadorTermino
- = OperadorTermino
+= = IncrementoTermino
-= = IncrementoTermino
*= = IncrementoFactor
/= = IncrementoFactor
% = OperadorFactor
%= = IncrementoFactor
&& = OperadorLogico
|| = OperadorLogico
! = OperadorLogico
!= = OperadorRelacional
< = OperadorLogico
> = OperadorLogico
>= = OperadorRelacional
<= = OperadorRelacional
} = LLaveFin
￿ = Caracter
